TN:
SF:03-errorcount.js
FN:14,invalidRouteHandlerMiddleware
FNF:1
FNH:0
FNDA:0,invalidRouteHandlerMiddleware
DA:1,1
DA:2,1
DA:3,1
DA:4,1
DA:5,1
DA:6,1
DA:7,1
DA:8,1
DA:9,1
DA:10,1
DA:11,1
DA:12,1
DA:13,1
DA:14,1
DA:15,0
DA:16,0
DA:17,0
DA:18,1
DA:19,1
DA:20,11
DA:21,0
DA:22,1
DA:23,1
DA:24,1
DA:25,0
DA:26,1
DA:27,1
DA:28,1
DA:29,2
DA:30,1
DA:31,1
DA:32,1
DA:33,1
DA:34,1
DA:35,1
DA:36,11
DA:37,11
DA:38,11
DA:39,11
DA:40,0
DA:41,0
DA:42,1
DA:43,1
DA:44,1
DA:45,1
DA:46,1
LF:46
LH:39
BRDA:19,0,0,11
BRDA:20,1,0,0
BRDA:28,2,0,2
BRDA:35,3,0,11
BRDA:39,4,0,0
BRF:5
BRH:3
end_of_record
