TN:
SF:02-ratelimitter.js
FNF:0
FNH:0
DA:1,1
DA:2,1
DA:3,1
DA:4,1
DA:5,1
DA:6,1
DA:7,1
DA:8,1
DA:9,1
DA:10,1
DA:11,1
DA:12,1
DA:13,1
DA:14,1
DA:15,1
DA:16,1
DA:17,1
DA:18,1
DA:19,13
DA:20,13
DA:21,13
DA:22,13
DA:23,13
DA:24,7
DA:25,7
DA:26,6
DA:27,6
DA:28,6
DA:29,6
DA:30,5
DA:31,6
DA:32,6
DA:33,6
DA:34,6
DA:35,6
DA:36,1
DA:37,1
DA:38,1
DA:39,1
DA:40,6
DA:41,1
DA:42,1
DA:43,1
DA:44,0
DA:45,1
DA:46,1
DA:47,1
LF:47
LH:46
BRDA:18,0,0,13
BRDA:21,1,0,2
BRDA:23,2,0,7
BRDA:25,3,0,6
BRDA:29,4,0,5
BRDA:39,5,0,6
BRF:6
BRH:6
end_of_record
